2022-08-06 19:37:16,911:INFO:PyCaret Supervised Module
2022-08-06 19:37:16,911:INFO:ML Usecase: classification
2022-08-06 19:37:16,911:INFO:version 2.2.3
2022-08-06 19:37:16,911:INFO:Initializing setup()
2022-08-06 19:37:16,911:INFO:setup(target=default, ml_usecase=classification, available_plots={'parameter': 'Hyperparameters', 'auc': 'AUC', 'confusion_matrix': 'Confusion Matrix', 'threshold': 'Threshold', 'pr': 'Precision Recall', 'error': 'Prediction Error', 'class_report': 'Class Report', 'rfe': 'Feature Selection', 'learning': 'Learning Curve', 'manifold': 'Manifold Learning', 'calibration': 'Calibration Curve', 'vc': 'Validation Curve', 'dimension': 'Dimensions', 'feature': 'Feature Importance', 'feature_all': 'Feature Importance (All)', 'boundary': 'Decision Boundary', 'lift': 'Lift Chart', 'gain': 'Gain Chart', 'tree': 'Decision Tree'}, train_size=0.7, test_data=None, preprocess=True, imputation_type=simple, iterative_imputation_iters=5, categorical_features=None, categorical_imputation=constant, categorical_iterative_imputer=lightgbm, ordinal_features=None, high_cardinality_features=None, high_cardinality_method=frequency, numeric_features=None, numeric_imputation=mean, numeric_iterative_imputer=lightgbm, date_features=None, ignore_features=None, normalize=False, normalize_method=zscore, transformation=False, transformation_method=yeo-johnson, handle_unknown_categorical=True, unknown_categorical_method=least_frequent, pca=False, pca_method=linear, pca_components=None, ignore_low_variance=False, combine_rare_levels=False, rare_level_threshold=0.1, bin_numeric_features=None, remove_outliers=False, outliers_threshold=0.05, remove_multicollinearity=False, multicollinearity_threshold=0.9, remove_perfect_collinearity=True, create_clusters=False, cluster_iter=20, polynomial_features=False, polynomial_degree=2, trigonometry_features=False, polynomial_threshold=0.1, group_features=None, group_names=None, feature_selection=False, feature_selection_threshold=0.8, feature_selection_method=classic, feature_interaction=False, feature_ratio=False, interaction_threshold=0.01, fix_imbalance=False, fix_imbalance_method=None, transform_target=False, transform_target_method=box-cox, data_split_shuffle=True, data_split_stratify=False, fold_strategy=stratifiedkfold, fold=10, fold_shuffle=False, fold_groups=None, n_jobs=-1, use_gpu=False, custom_pipeline=None, html=True, session_id=123, log_experiment=False, experiment_name=None, log_plots=False, log_profile=False, log_data=False, silent=False, verbose=True, profile=False, profile_kwargs=None, display=None)
2022-08-06 19:37:16,911:INFO:Checking environment
2022-08-06 19:37:16,911:INFO:python_version: 3.8.13
2022-08-06 19:37:16,911:INFO:python_build: ('default', 'Mar 25 2022 06:15:30')
2022-08-06 19:37:16,911:INFO:machine: x86_64
2022-08-06 19:37:16,911:INFO:platform: Linux-5.15.0-43-generic-x86_64-with-glibc2.10
2022-08-06 19:37:16,911:INFO:Memory: svmem(total=24999211008, available=20036308992, percent=19.9, used=3676684288, free=10182144000, active=2221268992, inactive=10748248064, buffers=412217344, cached=10728165376, shared=877563904, slab=799346688)
2022-08-06 19:37:16,911:INFO:Physical Core: 4
2022-08-06 19:37:16,911:INFO:Logical Core: 8
2022-08-06 19:37:16,911:INFO:Checking libraries
2022-08-06 19:37:16,911:INFO:pd==1.4.3
2022-08-06 19:37:16,911:INFO:numpy==1.23.1
2022-08-06 19:37:16,911:INFO:sklearn==1.1.2
2022-08-06 19:37:16,944:INFO:xgboost==1.5.1
2022-08-06 19:37:16,944:INFO:lightgbm==3.3.2
2022-08-06 19:37:16,955:INFO:catboost==1.0.6
2022-08-06 19:37:17,071:INFO:mlflow==1.26.1
2022-08-06 19:37:17,071:INFO:Checking Exceptions
2022-08-06 19:37:17,071:INFO:Declaring global variables
2022-08-06 19:37:17,071:INFO:USI: 0168
2022-08-06 19:37:17,071:INFO:pycaret_globals: {'pycaret_globals', 'target_param', 'html_param', '_available_plots', 'imputation_classifier', 'fold_shuffle_param', 'y_train', 'fold_param', 'fix_imbalance_method_param', 'transform_target_param', '_all_models', 'log_plots_param', 'prep_pipe', 'USI', 'fold_groups_param', '_all_models_internal', 'gpu_param', 'iterative_imputation_iters_param', 'display_container', 'X', 'imputation_regressor', '_internal_pipeline', 'transform_target_method_param', '_gpu_n_jobs_param', 'y_test', 'y', 'exp_name_log', '_ml_usecase', 'create_model_container', 'X_train', 'experiment__', 'seed', 'master_model_container', 'logging_param', '_all_metrics', 'fold_generator', 'n_jobs_param', 'X_test', 'fix_imbalance_param', 'data_before_preprocess', 'stratify_param'}
2022-08-06 19:37:17,071:INFO:Preparing display monitor
2022-08-06 19:37:17,071:INFO:Preparing display monitor
2022-08-06 19:37:17,075:INFO:Importing libraries
2022-08-06 19:37:17,075:INFO:Copying data for preprocessing
2022-08-06 19:37:17,077:INFO:Declaring preprocessing parameters
2022-08-06 19:37:17,078:INFO:Creating preprocessing pipeline
2022-08-06 19:37:17,109:INFO:Preprocessing pipeline created successfully
2022-08-06 19:37:17,109:ERROR:(Process Exit): setup has been interupted with user command 'quit'. setup must rerun.
2022-08-06 19:37:17,109:INFO:Creating global containers
2022-08-06 19:38:06,587:INFO:PyCaret Supervised Module
2022-08-06 19:38:06,587:INFO:ML Usecase: classification
2022-08-06 19:38:06,587:INFO:version 2.2.3
2022-08-06 19:38:06,587:INFO:Initializing setup()
2022-08-06 19:38:06,588:INFO:setup(target=default, ml_usecase=classification, available_plots={'parameter': 'Hyperparameters', 'auc': 'AUC', 'confusion_matrix': 'Confusion Matrix', 'threshold': 'Threshold', 'pr': 'Precision Recall', 'error': 'Prediction Error', 'class_report': 'Class Report', 'rfe': 'Feature Selection', 'learning': 'Learning Curve', 'manifold': 'Manifold Learning', 'calibration': 'Calibration Curve', 'vc': 'Validation Curve', 'dimension': 'Dimensions', 'feature': 'Feature Importance', 'feature_all': 'Feature Importance (All)', 'boundary': 'Decision Boundary', 'lift': 'Lift Chart', 'gain': 'Gain Chart', 'tree': 'Decision Tree'}, train_size=0.7, test_data=None, preprocess=True, imputation_type=simple, iterative_imputation_iters=5, categorical_features=None, categorical_imputation=constant, categorical_iterative_imputer=lightgbm, ordinal_features=None, high_cardinality_features=None, high_cardinality_method=frequency, numeric_features=None, numeric_imputation=mean, numeric_iterative_imputer=lightgbm, date_features=None, ignore_features=None, normalize=False, normalize_method=zscore, transformation=False, transformation_method=yeo-johnson, handle_unknown_categorical=True, unknown_categorical_method=least_frequent, pca=False, pca_method=linear, pca_components=None, ignore_low_variance=False, combine_rare_levels=False, rare_level_threshold=0.1, bin_numeric_features=None, remove_outliers=False, outliers_threshold=0.05, remove_multicollinearity=False, multicollinearity_threshold=0.9, remove_perfect_collinearity=True, create_clusters=False, cluster_iter=20, polynomial_features=False, polynomial_degree=2, trigonometry_features=False, polynomial_threshold=0.1, group_features=None, group_names=None, feature_selection=False, feature_selection_threshold=0.8, feature_selection_method=classic, feature_interaction=False, feature_ratio=False, interaction_threshold=0.01, fix_imbalance=False, fix_imbalance_method=None, transform_target=False, transform_target_method=box-cox, data_split_shuffle=True, data_split_stratify=False, fold_strategy=stratifiedkfold, fold=10, fold_shuffle=False, fold_groups=None, n_jobs=-1, use_gpu=False, custom_pipeline=None, html=True, session_id=123, log_experiment=False, experiment_name=None, log_plots=False, log_profile=False, log_data=False, silent=False, verbose=True, profile=False, profile_kwargs=None, display=None)
2022-08-06 19:38:06,588:INFO:Checking environment
2022-08-06 19:38:06,588:INFO:python_version: 3.8.13
2022-08-06 19:38:06,588:INFO:python_build: ('default', 'Mar 25 2022 06:15:30')
2022-08-06 19:38:06,588:INFO:machine: x86_64
2022-08-06 19:38:06,588:INFO:platform: Linux-5.15.0-43-generic-x86_64-with-glibc2.10
2022-08-06 19:38:06,588:INFO:Memory: svmem(total=24999211008, available=20222992384, percent=19.1, used=3533901824, free=10367725568, active=2221576192, inactive=10593026048, buffers=412327936, cached=10685255680, shared=833662976, slab=798818304)
2022-08-06 19:38:06,589:INFO:Physical Core: 4
2022-08-06 19:38:06,589:INFO:Logical Core: 8
2022-08-06 19:38:06,589:INFO:Checking libraries
2022-08-06 19:38:06,589:INFO:pd==1.4.3
2022-08-06 19:38:06,589:INFO:numpy==1.23.1
2022-08-06 19:38:06,589:INFO:sklearn==1.1.2
2022-08-06 19:38:06,589:INFO:xgboost==1.5.1
2022-08-06 19:38:06,589:INFO:lightgbm==3.3.2
2022-08-06 19:38:06,589:INFO:catboost==1.0.6
2022-08-06 19:38:06,589:INFO:mlflow==1.26.1
2022-08-06 19:38:06,589:INFO:Checking Exceptions
2022-08-06 19:38:06,589:INFO:Declaring global variables
2022-08-06 19:38:06,589:INFO:USI: 268e
2022-08-06 19:38:06,590:INFO:pycaret_globals: {'pycaret_globals', 'target_param', 'html_param', '_available_plots', 'imputation_classifier', 'fold_shuffle_param', 'y_train', 'fold_param', 'fix_imbalance_method_param', 'transform_target_param', '_all_models', 'log_plots_param', 'prep_pipe', 'USI', 'fold_groups_param', '_all_models_internal', 'gpu_param', 'iterative_imputation_iters_param', 'display_container', 'X', 'imputation_regressor', '_internal_pipeline', 'transform_target_method_param', '_gpu_n_jobs_param', 'y_test', 'y', 'exp_name_log', '_ml_usecase', 'create_model_container', 'X_train', 'experiment__', 'seed', 'master_model_container', 'logging_param', '_all_metrics', 'fold_generator', 'n_jobs_param', 'X_test', 'fix_imbalance_param', 'data_before_preprocess', 'stratify_param'}
2022-08-06 19:38:06,590:INFO:Preparing display monitor
2022-08-06 19:38:06,590:INFO:Preparing display monitor
2022-08-06 19:38:06,597:INFO:Importing libraries
2022-08-06 19:38:06,597:INFO:Copying data for preprocessing
2022-08-06 19:38:06,598:INFO:Declaring preprocessing parameters
2022-08-06 19:38:06,600:INFO:Creating preprocessing pipeline
2022-08-06 19:38:06,634:INFO:Preprocessing pipeline created successfully
2022-08-06 19:38:06,634:ERROR:(Process Exit): setup has been interupted with user command 'quit'. setup must rerun.
2022-08-06 19:38:06,634:INFO:Creating global containers
2022-08-06 19:38:23,076:INFO:Initializing compare_models()
2022-08-06 19:38:23,076:INFO:compare_models(include=None, fold=None, round=4, cross_validation=True, sort=Accuracy, n_select=1, budget_time=None, turbo=True, errors=ignore, fit_kwargs=None, groups=None, verbose=True, display=None, exclude=None)
2022-08-06 19:38:23,076:INFO:Checking exceptions
2022-08-06 19:39:12,046:INFO:Initializing create_model()
2022-08-06 19:39:12,047:INFO:create_model(estimator=dt, fold=None, round=4, cross_validation=True, predict=True, fit_kwargs=None, groups=None, refit=True, verbose=True, system=True, metrics=None, display=None, kwargs={})
2022-08-06 19:39:12,047:INFO:Checking exceptions
2022-08-06 19:39:17,244:INFO:Initializing create_model()
2022-08-06 19:39:17,244:INFO:create_model(estimator=dt, fold=None, round=4, cross_validation=True, predict=True, fit_kwargs=None, groups=None, refit=True, verbose=True, system=True, metrics=None, display=None, kwargs={})
2022-08-06 19:39:17,244:INFO:Checking exceptions
2022-08-06 19:40:11,179:INFO:PyCaret Supervised Module
2022-08-06 19:40:11,179:INFO:ML Usecase: classification
2022-08-06 19:40:11,179:INFO:version 2.2.3
2022-08-06 19:40:11,179:INFO:Initializing setup()
2022-08-06 19:40:11,179:INFO:setup(target=default, ml_usecase=classification, available_plots={'parameter': 'Hyperparameters', 'auc': 'AUC', 'confusion_matrix': 'Confusion Matrix', 'threshold': 'Threshold', 'pr': 'Precision Recall', 'error': 'Prediction Error', 'class_report': 'Class Report', 'rfe': 'Feature Selection', 'learning': 'Learning Curve', 'manifold': 'Manifold Learning', 'calibration': 'Calibration Curve', 'vc': 'Validation Curve', 'dimension': 'Dimensions', 'feature': 'Feature Importance', 'feature_all': 'Feature Importance (All)', 'boundary': 'Decision Boundary', 'lift': 'Lift Chart', 'gain': 'Gain Chart', 'tree': 'Decision Tree'}, train_size=0.7, test_data=None, preprocess=True, imputation_type=simple, iterative_imputation_iters=5, categorical_features=None, categorical_imputation=constant, categorical_iterative_imputer=lightgbm, ordinal_features=None, high_cardinality_features=None, high_cardinality_method=frequency, numeric_features=None, numeric_imputation=mean, numeric_iterative_imputer=lightgbm, date_features=None, ignore_features=None, normalize=False, normalize_method=zscore, transformation=False, transformation_method=yeo-johnson, handle_unknown_categorical=True, unknown_categorical_method=least_frequent, pca=False, pca_method=linear, pca_components=None, ignore_low_variance=False, combine_rare_levels=False, rare_level_threshold=0.1, bin_numeric_features=None, remove_outliers=False, outliers_threshold=0.05, remove_multicollinearity=False, multicollinearity_threshold=0.9, remove_perfect_collinearity=True, create_clusters=False, cluster_iter=20, polynomial_features=False, polynomial_degree=2, trigonometry_features=False, polynomial_threshold=0.1, group_features=None, group_names=None, feature_selection=False, feature_selection_threshold=0.8, feature_selection_method=classic, feature_interaction=False, feature_ratio=False, interaction_threshold=0.01, fix_imbalance=False, fix_imbalance_method=None, transform_target=False, transform_target_method=box-cox, data_split_shuffle=True, data_split_stratify=False, fold_strategy=stratifiedkfold, fold=10, fold_shuffle=False, fold_groups=None, n_jobs=-1, use_gpu=False, custom_pipeline=None, html=True, session_id=123, log_experiment=False, experiment_name=None, log_plots=False, log_profile=False, log_data=False, silent=False, verbose=True, profile=False, profile_kwargs=None, display=None)
2022-08-06 19:40:11,179:INFO:Checking environment
2022-08-06 19:40:11,180:INFO:python_version: 3.8.13
2022-08-06 19:40:11,180:INFO:python_build: ('default', 'Mar 25 2022 06:15:30')
2022-08-06 19:40:11,180:INFO:machine: x86_64
2022-08-06 19:40:11,180:INFO:platform: Linux-5.15.0-43-generic-x86_64-with-glibc2.10
2022-08-06 19:40:11,180:INFO:Memory: svmem(total=24999211008, available=20228722688, percent=19.1, used=3512483840, free=10372808704, active=2221772800, inactive=10573201408, buffers=412717056, cached=10701201408, shared=849350656, slab=798720000)
2022-08-06 19:40:11,180:INFO:Physical Core: 4
2022-08-06 19:40:11,181:INFO:Logical Core: 8
2022-08-06 19:40:11,181:INFO:Checking libraries
2022-08-06 19:40:11,181:INFO:pd==1.4.3
2022-08-06 19:40:11,181:INFO:numpy==1.23.1
2022-08-06 19:40:11,181:INFO:sklearn==1.1.2
2022-08-06 19:40:11,181:INFO:xgboost==1.5.1
2022-08-06 19:40:11,181:INFO:lightgbm==3.3.2
2022-08-06 19:40:11,181:INFO:catboost==1.0.6
2022-08-06 19:40:11,181:INFO:mlflow==1.26.1
2022-08-06 19:40:11,181:INFO:Checking Exceptions
2022-08-06 19:40:11,181:INFO:Declaring global variables
2022-08-06 19:40:11,181:INFO:USI: a269
2022-08-06 19:40:11,181:INFO:pycaret_globals: {'pycaret_globals', 'target_param', 'html_param', '_available_plots', 'imputation_classifier', 'fold_shuffle_param', 'y_train', 'fold_param', 'fix_imbalance_method_param', 'transform_target_param', '_all_models', 'log_plots_param', 'prep_pipe', 'USI', 'fold_groups_param', '_all_models_internal', 'gpu_param', 'iterative_imputation_iters_param', 'display_container', 'X', 'imputation_regressor', '_internal_pipeline', 'transform_target_method_param', '_gpu_n_jobs_param', 'y_test', 'y', 'exp_name_log', '_ml_usecase', 'create_model_container', 'X_train', 'experiment__', 'seed', 'master_model_container', 'logging_param', '_all_metrics', 'fold_generator', 'n_jobs_param', 'X_test', 'fix_imbalance_param', 'data_before_preprocess', 'stratify_param'}
2022-08-06 19:40:11,181:INFO:Preparing display monitor
2022-08-06 19:40:11,181:INFO:Preparing display monitor
2022-08-06 19:40:11,188:INFO:Importing libraries
2022-08-06 19:40:11,188:INFO:Copying data for preprocessing
2022-08-06 19:40:11,190:INFO:Declaring preprocessing parameters
2022-08-06 19:40:11,192:INFO:Creating preprocessing pipeline
2022-08-06 19:40:11,225:INFO:Preprocessing pipeline created successfully
2022-08-06 19:40:11,225:ERROR:(Process Exit): setup has been interupted with user command 'quit'. setup must rerun.
2022-08-06 19:40:11,225:INFO:Creating global containers
2022-08-06 19:40:28,793:INFO:PyCaret Supervised Module
2022-08-06 19:40:28,793:INFO:ML Usecase: classification
2022-08-06 19:40:28,793:INFO:version 2.2.3
2022-08-06 19:40:28,793:INFO:Initializing setup()
2022-08-06 19:40:28,793:INFO:setup(target=default, ml_usecase=classification, available_plots={'parameter': 'Hyperparameters', 'auc': 'AUC', 'confusion_matrix': 'Confusion Matrix', 'threshold': 'Threshold', 'pr': 'Precision Recall', 'error': 'Prediction Error', 'class_report': 'Class Report', 'rfe': 'Feature Selection', 'learning': 'Learning Curve', 'manifold': 'Manifold Learning', 'calibration': 'Calibration Curve', 'vc': 'Validation Curve', 'dimension': 'Dimensions', 'feature': 'Feature Importance', 'feature_all': 'Feature Importance (All)', 'boundary': 'Decision Boundary', 'lift': 'Lift Chart', 'gain': 'Gain Chart', 'tree': 'Decision Tree'}, train_size=0.7, test_data=None, preprocess=True, imputation_type=simple, iterative_imputation_iters=5, categorical_features=None, categorical_imputation=constant, categorical_iterative_imputer=lightgbm, ordinal_features=None, high_cardinality_features=None, high_cardinality_method=frequency, numeric_features=None, numeric_imputation=mean, numeric_iterative_imputer=lightgbm, date_features=None, ignore_features=None, normalize=False, normalize_method=zscore, transformation=False, transformation_method=yeo-johnson, handle_unknown_categorical=True, unknown_categorical_method=least_frequent, pca=False, pca_method=linear, pca_components=None, ignore_low_variance=False, combine_rare_levels=False, rare_level_threshold=0.1, bin_numeric_features=None, remove_outliers=False, outliers_threshold=0.05, remove_multicollinearity=False, multicollinearity_threshold=0.9, remove_perfect_collinearity=True, create_clusters=False, cluster_iter=20, polynomial_features=False, polynomial_degree=2, trigonometry_features=False, polynomial_threshold=0.1, group_features=None, group_names=None, feature_selection=False, feature_selection_threshold=0.8, feature_selection_method=classic, feature_interaction=False, feature_ratio=False, interaction_threshold=0.01, fix_imbalance=False, fix_imbalance_method=None, transform_target=False, transform_target_method=box-cox, data_split_shuffle=True, data_split_stratify=False, fold_strategy=stratifiedkfold, fold=10, fold_shuffle=False, fold_groups=None, n_jobs=-1, use_gpu=False, custom_pipeline=None, html=True, session_id=None, log_experiment=False, experiment_name=None, log_plots=False, log_profile=False, log_data=False, silent=False, verbose=True, profile=False, profile_kwargs=None, display=None)
2022-08-06 19:40:28,793:INFO:Checking environment
2022-08-06 19:40:28,793:INFO:python_version: 3.8.13
2022-08-06 19:40:28,793:INFO:python_build: ('default', 'Mar 25 2022 06:15:30')
2022-08-06 19:40:28,793:INFO:machine: x86_64
2022-08-06 19:40:28,793:INFO:platform: Linux-5.15.0-43-generic-x86_64-with-glibc2.10
2022-08-06 19:40:28,793:INFO:Memory: svmem(total=24999211008, available=20234096640, percent=19.1, used=3507310592, free=10376835072, active=2221826048, inactive=10572742656, buffers=412737536, cached=10702327808, shared=849403904, slab=798748672)
2022-08-06 19:40:28,793:INFO:Physical Core: 4
2022-08-06 19:40:28,794:INFO:Logical Core: 8
2022-08-06 19:40:28,794:INFO:Checking libraries
2022-08-06 19:40:28,794:INFO:pd==1.4.3
2022-08-06 19:40:28,794:INFO:numpy==1.23.1
2022-08-06 19:40:28,794:INFO:sklearn==1.1.2
2022-08-06 19:40:28,794:INFO:xgboost==1.5.1
2022-08-06 19:40:28,794:INFO:lightgbm==3.3.2
2022-08-06 19:40:28,794:INFO:catboost==1.0.6
2022-08-06 19:40:28,794:INFO:mlflow==1.26.1
2022-08-06 19:40:28,794:INFO:Checking Exceptions
2022-08-06 19:40:28,794:INFO:Declaring global variables
2022-08-06 19:40:28,794:INFO:USI: 37d3
2022-08-06 19:40:28,794:INFO:pycaret_globals: {'pycaret_globals', 'target_param', 'html_param', '_available_plots', 'imputation_classifier', 'fold_shuffle_param', 'y_train', 'fold_param', 'fix_imbalance_method_param', 'transform_target_param', '_all_models', 'log_plots_param', 'prep_pipe', 'USI', 'fold_groups_param', '_all_models_internal', 'gpu_param', 'iterative_imputation_iters_param', 'display_container', 'X', 'imputation_regressor', '_internal_pipeline', 'transform_target_method_param', '_gpu_n_jobs_param', 'y_test', 'y', 'exp_name_log', '_ml_usecase', 'create_model_container', 'X_train', 'experiment__', 'seed', 'master_model_container', 'logging_param', '_all_metrics', 'fold_generator', 'n_jobs_param', 'X_test', 'fix_imbalance_param', 'data_before_preprocess', 'stratify_param'}
2022-08-06 19:40:28,794:INFO:Preparing display monitor
2022-08-06 19:40:28,794:INFO:Preparing display monitor
2022-08-06 19:40:28,800:INFO:Importing libraries
2022-08-06 19:40:28,800:INFO:Copying data for preprocessing
2022-08-06 19:40:28,802:INFO:Declaring preprocessing parameters
2022-08-06 19:40:28,805:INFO:Creating preprocessing pipeline
2022-08-06 19:40:28,841:INFO:Preprocessing pipeline created successfully
2022-08-06 19:40:28,841:ERROR:(Process Exit): setup has been interupted with user command 'quit'. setup must rerun.
2022-08-06 19:40:28,842:INFO:Creating global containers
2022-08-06 19:41:25,854:INFO:PyCaret Supervised Module
2022-08-06 19:41:25,855:INFO:ML Usecase: classification
2022-08-06 19:41:25,855:INFO:version 2.2.3
2022-08-06 19:41:25,855:INFO:Initializing setup()
2022-08-06 19:41:25,855:INFO:setup(target=default, ml_usecase=classification, available_plots={'parameter': 'Hyperparameters', 'auc': 'AUC', 'confusion_matrix': 'Confusion Matrix', 'threshold': 'Threshold', 'pr': 'Precision Recall', 'error': 'Prediction Error', 'class_report': 'Class Report', 'rfe': 'Feature Selection', 'learning': 'Learning Curve', 'manifold': 'Manifold Learning', 'calibration': 'Calibration Curve', 'vc': 'Validation Curve', 'dimension': 'Dimensions', 'feature': 'Feature Importance', 'feature_all': 'Feature Importance (All)', 'boundary': 'Decision Boundary', 'lift': 'Lift Chart', 'gain': 'Gain Chart', 'tree': 'Decision Tree'}, train_size=0.7, test_data=None, preprocess=True, imputation_type=simple, iterative_imputation_iters=5, categorical_features=None, categorical_imputation=constant, categorical_iterative_imputer=lightgbm, ordinal_features=None, high_cardinality_features=None, high_cardinality_method=frequency, numeric_features=None, numeric_imputation=mean, numeric_iterative_imputer=lightgbm, date_features=None, ignore_features=None, normalize=False, normalize_method=zscore, transformation=False, transformation_method=yeo-johnson, handle_unknown_categorical=True, unknown_categorical_method=least_frequent, pca=False, pca_method=linear, pca_components=None, ignore_low_variance=False, combine_rare_levels=False, rare_level_threshold=0.1, bin_numeric_features=None, remove_outliers=False, outliers_threshold=0.05, remove_multicollinearity=False, multicollinearity_threshold=0.9, remove_perfect_collinearity=True, create_clusters=False, cluster_iter=20, polynomial_features=False, polynomial_degree=2, trigonometry_features=False, polynomial_threshold=0.1, group_features=None, group_names=None, feature_selection=False, feature_selection_threshold=0.8, feature_selection_method=classic, feature_interaction=False, feature_ratio=False, interaction_threshold=0.01, fix_imbalance=False, fix_imbalance_method=None, transform_target=False, transform_target_method=box-cox, data_split_shuffle=True, data_split_stratify=False, fold_strategy=stratifiedkfold, fold=10, fold_shuffle=False, fold_groups=None, n_jobs=-1, use_gpu=False, custom_pipeline=None, html=True, session_id=None, log_experiment=False, experiment_name=None, log_plots=False, log_profile=False, log_data=False, silent=False, verbose=True, profile=False, profile_kwargs=None, display=None)
2022-08-06 19:41:25,855:INFO:Checking environment
2022-08-06 19:41:25,855:INFO:python_version: 3.8.13
2022-08-06 19:41:25,855:INFO:python_build: ('default', 'Mar 25 2022 06:15:30')
2022-08-06 19:41:25,855:INFO:machine: x86_64
2022-08-06 19:41:25,855:INFO:platform: Linux-5.15.0-43-generic-x86_64-with-glibc2.10
2022-08-06 19:41:25,855:INFO:Memory: svmem(total=24999211008, available=20223217664, percent=19.1, used=3518795776, free=10365075456, active=2221785088, inactive=10580574208, buffers=412819456, cached=10702520320, shared=848543744, slab=798810112)
2022-08-06 19:41:25,856:INFO:Physical Core: 4
2022-08-06 19:41:25,856:INFO:Logical Core: 8
2022-08-06 19:41:25,856:INFO:Checking libraries
2022-08-06 19:41:25,856:INFO:pd==1.4.3
2022-08-06 19:41:25,856:INFO:numpy==1.23.1
2022-08-06 19:41:25,856:INFO:sklearn==1.1.2
2022-08-06 19:41:25,856:INFO:xgboost==1.5.1
2022-08-06 19:41:25,856:INFO:lightgbm==3.3.2
2022-08-06 19:41:25,856:INFO:catboost==1.0.6
2022-08-06 19:41:25,856:INFO:mlflow==1.26.1
2022-08-06 19:41:25,857:INFO:Checking Exceptions
2022-08-06 19:41:25,857:INFO:Declaring global variables
2022-08-06 19:41:25,857:INFO:USI: 2f2a
2022-08-06 19:41:25,857:INFO:pycaret_globals: {'pycaret_globals', 'target_param', 'html_param', '_available_plots', 'imputation_classifier', 'fold_shuffle_param', 'y_train', 'fold_param', 'fix_imbalance_method_param', 'transform_target_param', '_all_models', 'log_plots_param', 'prep_pipe', 'USI', 'fold_groups_param', '_all_models_internal', 'gpu_param', 'iterative_imputation_iters_param', 'display_container', 'X', 'imputation_regressor', '_internal_pipeline', 'transform_target_method_param', '_gpu_n_jobs_param', 'y_test', 'y', 'exp_name_log', '_ml_usecase', 'create_model_container', 'X_train', 'experiment__', 'seed', 'master_model_container', 'logging_param', '_all_metrics', 'fold_generator', 'n_jobs_param', 'X_test', 'fix_imbalance_param', 'data_before_preprocess', 'stratify_param'}
2022-08-06 19:41:25,857:INFO:Preparing display monitor
2022-08-06 19:41:25,857:INFO:Preparing display monitor
2022-08-06 19:41:25,864:INFO:Importing libraries
2022-08-06 19:41:25,864:INFO:Copying data for preprocessing
2022-08-06 19:41:25,867:INFO:Declaring preprocessing parameters
2022-08-06 19:41:25,870:INFO:Creating preprocessing pipeline
2022-08-06 19:41:25,904:INFO:Preprocessing pipeline created successfully
2022-08-06 19:41:25,904:ERROR:(Process Exit): setup has been interupted with user command 'quit'. setup must rerun.
2022-08-06 19:41:25,904:INFO:Creating global containers
2022-08-06 19:42:12,920:INFO:PyCaret Supervised Module
2022-08-06 19:42:12,921:INFO:ML Usecase: classification
2022-08-06 19:42:12,921:INFO:version 2.2.3
2022-08-06 19:42:12,921:INFO:Initializing setup()
2022-08-06 19:42:12,921:INFO:setup(target=default, ml_usecase=classification, available_plots={'parameter': 'Hyperparameters', 'auc': 'AUC', 'confusion_matrix': 'Confusion Matrix', 'threshold': 'Threshold', 'pr': 'Precision Recall', 'error': 'Prediction Error', 'class_report': 'Class Report', 'rfe': 'Feature Selection', 'learning': 'Learning Curve', 'manifold': 'Manifold Learning', 'calibration': 'Calibration Curve', 'vc': 'Validation Curve', 'dimension': 'Dimensions', 'feature': 'Feature Importance', 'feature_all': 'Feature Importance (All)', 'boundary': 'Decision Boundary', 'lift': 'Lift Chart', 'gain': 'Gain Chart', 'tree': 'Decision Tree'}, train_size=0.7, test_data=None, preprocess=True, imputation_type=simple, iterative_imputation_iters=5, categorical_features=None, categorical_imputation=constant, categorical_iterative_imputer=lightgbm, ordinal_features=None, high_cardinality_features=None, high_cardinality_method=frequency, numeric_features=None, numeric_imputation=mean, numeric_iterative_imputer=lightgbm, date_features=None, ignore_features=None, normalize=False, normalize_method=zscore, transformation=False, transformation_method=yeo-johnson, handle_unknown_categorical=True, unknown_categorical_method=least_frequent, pca=False, pca_method=linear, pca_components=None, ignore_low_variance=False, combine_rare_levels=False, rare_level_threshold=0.1, bin_numeric_features=None, remove_outliers=False, outliers_threshold=0.05, remove_multicollinearity=False, multicollinearity_threshold=0.9, remove_perfect_collinearity=True, create_clusters=False, cluster_iter=20, polynomial_features=False, polynomial_degree=2, trigonometry_features=False, polynomial_threshold=0.1, group_features=None, group_names=None, feature_selection=False, feature_selection_threshold=0.8, feature_selection_method=classic, feature_interaction=False, feature_ratio=False, interaction_threshold=0.01, fix_imbalance=False, fix_imbalance_method=None, transform_target=False, transform_target_method=box-cox, data_split_shuffle=True, data_split_stratify=False, fold_strategy=stratifiedkfold, fold=10, fold_shuffle=False, fold_groups=None, n_jobs=-1, use_gpu=False, custom_pipeline=None, html=True, session_id=None, log_experiment=False, experiment_name=None, log_plots=False, log_profile=False, log_data=False, silent=False, verbose=True, profile=False, profile_kwargs=None, display=None)
2022-08-06 19:42:12,921:INFO:Checking environment
2022-08-06 19:42:12,921:INFO:python_version: 3.8.13
2022-08-06 19:42:12,921:INFO:python_build: ('default', 'Mar 25 2022 06:15:30')
2022-08-06 19:42:12,921:INFO:machine: x86_64
2022-08-06 19:42:12,921:INFO:platform: Linux-5.15.0-43-generic-x86_64-with-glibc2.10
2022-08-06 19:42:12,921:INFO:Memory: svmem(total=24999211008, available=20206882816, percent=19.2, used=3535237120, free=10348679168, active=2221903872, inactive=10607038464, buffers=412934144, cached=10702360576, shared=848437248, slab=798826496)
2022-08-06 19:42:12,922:INFO:Physical Core: 4
2022-08-06 19:42:12,922:INFO:Logical Core: 8
2022-08-06 19:42:12,922:INFO:Checking libraries
2022-08-06 19:42:12,922:INFO:pd==1.4.3
2022-08-06 19:42:12,922:INFO:numpy==1.23.1
2022-08-06 19:42:12,922:INFO:sklearn==1.1.2
2022-08-06 19:42:12,922:INFO:xgboost==1.5.1
2022-08-06 19:42:12,922:INFO:lightgbm==3.3.2
2022-08-06 19:42:12,922:INFO:catboost==1.0.6
2022-08-06 19:42:12,922:INFO:mlflow==1.26.1
2022-08-06 19:42:12,922:INFO:Checking Exceptions
2022-08-06 19:42:12,923:INFO:Declaring global variables
2022-08-06 19:42:12,923:INFO:USI: 3990
2022-08-06 19:42:12,923:INFO:pycaret_globals: {'pycaret_globals', 'target_param', 'html_param', '_available_plots', 'imputation_classifier', 'fold_shuffle_param', 'y_train', 'fold_param', 'fix_imbalance_method_param', 'transform_target_param', '_all_models', 'log_plots_param', 'prep_pipe', 'USI', 'fold_groups_param', '_all_models_internal', 'gpu_param', 'iterative_imputation_iters_param', 'display_container', 'X', 'imputation_regressor', '_internal_pipeline', 'transform_target_method_param', '_gpu_n_jobs_param', 'y_test', 'y', 'exp_name_log', '_ml_usecase', 'create_model_container', 'X_train', 'experiment__', 'seed', 'master_model_container', 'logging_param', '_all_metrics', 'fold_generator', 'n_jobs_param', 'X_test', 'fix_imbalance_param', 'data_before_preprocess', 'stratify_param'}
2022-08-06 19:42:12,923:INFO:Preparing display monitor
2022-08-06 19:42:12,923:INFO:Preparing display monitor
2022-08-06 19:42:12,931:INFO:Importing libraries
2022-08-06 19:42:12,931:INFO:Copying data for preprocessing
2022-08-06 19:42:12,934:INFO:Declaring preprocessing parameters
2022-08-06 19:42:12,936:INFO:Creating preprocessing pipeline
2022-08-06 19:42:12,971:INFO:Preprocessing pipeline created successfully
2022-08-06 19:42:12,971:ERROR:(Process Exit): setup has been interupted with user command 'quit'. setup must rerun.
2022-08-06 19:42:12,971:INFO:Creating global containers
2022-08-06 19:43:43,981:INFO:PyCaret Supervised Module
2022-08-06 19:43:43,982:INFO:ML Usecase: regression
2022-08-06 19:43:43,982:INFO:version 2.2.3
2022-08-06 19:43:43,982:INFO:Initializing setup()
2022-08-06 19:43:43,982:INFO:setup(target=Price, ml_usecase=regression, available_plots={'parameter': 'Hyperparameters', 'residuals': 'Residuals', 'error': 'Prediction Error', 'cooks': 'Cooks Distance', 'rfe': 'Feature Selection', 'learning': 'Learning Curve', 'manifold': 'Manifold Learning', 'vc': 'Validation Curve', 'feature': 'Feature Importance', 'feature_all': 'Feature Importance (All)', 'tree': 'Decision Tree'}, train_size=0.7, test_data=None, preprocess=True, imputation_type=simple, iterative_imputation_iters=5, categorical_features=None, categorical_imputation=constant, categorical_iterative_imputer=lightgbm, ordinal_features=None, high_cardinality_features=None, high_cardinality_method=frequency, numeric_features=None, numeric_imputation=mean, numeric_iterative_imputer=lightgbm, date_features=None, ignore_features=None, normalize=False, normalize_method=zscore, transformation=False, transformation_method=yeo-johnson, handle_unknown_categorical=True, unknown_categorical_method=least_frequent, pca=False, pca_method=linear, pca_components=None, ignore_low_variance=False, combine_rare_levels=False, rare_level_threshold=0.1, bin_numeric_features=None, remove_outliers=False, outliers_threshold=0.05, remove_multicollinearity=False, multicollinearity_threshold=0.9, remove_perfect_collinearity=True, create_clusters=False, cluster_iter=20, polynomial_features=False, polynomial_degree=2, trigonometry_features=False, polynomial_threshold=0.1, group_features=None, group_names=None, feature_selection=False, feature_selection_threshold=0.8, feature_selection_method=classic, feature_interaction=False, feature_ratio=False, interaction_threshold=0.01, fix_imbalance=False, fix_imbalance_method=None, transform_target=False, transform_target_method=box-cox, data_split_shuffle=True, data_split_stratify=False, fold_strategy=kfold, fold=10, fold_shuffle=False, fold_groups=None, n_jobs=-1, use_gpu=False, custom_pipeline=None, html=True, session_id=123, log_experiment=False, experiment_name=None, log_plots=False, log_profile=False, log_data=False, silent=False, verbose=True, profile=False, profile_kwargs=None, display=None)
2022-08-06 19:43:43,982:INFO:Checking environment
2022-08-06 19:43:43,982:INFO:python_version: 3.8.13
2022-08-06 19:43:43,982:INFO:python_build: ('default', 'Mar 25 2022 06:15:30')
2022-08-06 19:43:43,982:INFO:machine: x86_64
2022-08-06 19:43:43,982:INFO:platform: Linux-5.15.0-43-generic-x86_64-with-glibc2.10
2022-08-06 19:43:43,982:INFO:Memory: svmem(total=24999211008, available=20281315328, percent=18.9, used=3467894784, free=10424836096, active=2222718976, inactive=10528239616, buffers=413184000, cached=10693296128, shared=841347072, slab=798359552)
2022-08-06 19:43:43,982:INFO:Physical Core: 4
2022-08-06 19:43:43,982:INFO:Logical Core: 8
2022-08-06 19:43:43,982:INFO:Checking libraries
2022-08-06 19:43:43,982:INFO:pd==1.4.3
2022-08-06 19:43:43,983:INFO:numpy==1.23.1
2022-08-06 19:43:43,983:INFO:sklearn==1.1.2
2022-08-06 19:43:43,983:INFO:xgboost==1.5.1
2022-08-06 19:43:43,983:INFO:lightgbm==3.3.2
2022-08-06 19:43:43,983:INFO:catboost==1.0.6
2022-08-06 19:43:43,983:INFO:mlflow==1.26.1
2022-08-06 19:43:43,983:INFO:Checking Exceptions
2022-08-06 19:43:43,983:INFO:Declaring global variables
2022-08-06 19:43:43,983:INFO:USI: 4d73
2022-08-06 19:43:43,983:INFO:pycaret_globals: {'pycaret_globals', 'target_param', 'html_param', '_available_plots', 'imputation_classifier', 'fold_shuffle_param', 'y_train', 'fold_param', 'fix_imbalance_method_param', 'transform_target_param', '_all_models', 'log_plots_param', 'prep_pipe', 'USI', 'fold_groups_param', '_all_models_internal', 'gpu_param', 'iterative_imputation_iters_param', 'display_container', 'X', 'imputation_regressor', '_internal_pipeline', 'transform_target_method_param', '_gpu_n_jobs_param', 'y_test', 'y', 'exp_name_log', '_ml_usecase', 'create_model_container', 'X_train', 'experiment__', 'seed', 'master_model_container', 'logging_param', '_all_metrics', 'fold_generator', 'n_jobs_param', 'X_test', 'fix_imbalance_param', 'data_before_preprocess', 'stratify_param'}
2022-08-06 19:43:43,983:INFO:Preparing display monitor
2022-08-06 19:43:43,983:INFO:Preparing display monitor
2022-08-06 19:43:43,989:INFO:Importing libraries
2022-08-06 19:43:43,989:INFO:Copying data for preprocessing
2022-08-06 19:43:43,991:INFO:Declaring preprocessing parameters
2022-08-06 19:43:43,992:INFO:Creating preprocessing pipeline
2022-08-06 19:43:43,999:INFO:Preprocessing pipeline created successfully
2022-08-06 19:43:43,999:ERROR:(Process Exit): setup has been interupted with user command 'quit'. setup must rerun.
2022-08-06 19:43:43,999:INFO:Creating global containers
2022-08-06 19:45:17,584:INFO:PyCaret Supervised Module
2022-08-06 19:45:17,584:INFO:ML Usecase: regression
2022-08-06 19:45:17,584:INFO:version 2.2.3
2022-08-06 19:45:17,584:INFO:Initializing setup()
2022-08-06 19:45:17,584:INFO:setup(target=Price, ml_usecase=regression, available_plots={'parameter': 'Hyperparameters', 'residuals': 'Residuals', 'error': 'Prediction Error', 'cooks': 'Cooks Distance', 'rfe': 'Feature Selection', 'learning': 'Learning Curve', 'manifold': 'Manifold Learning', 'vc': 'Validation Curve', 'feature': 'Feature Importance', 'feature_all': 'Feature Importance (All)', 'tree': 'Decision Tree'}, train_size=0.7, test_data=None, preprocess=True, imputation_type=simple, iterative_imputation_iters=5, categorical_features=None, categorical_imputation=constant, categorical_iterative_imputer=lightgbm, ordinal_features=None, high_cardinality_features=None, high_cardinality_method=frequency, numeric_features=None, numeric_imputation=mean, numeric_iterative_imputer=lightgbm, date_features=None, ignore_features=None, normalize=False, normalize_method=zscore, transformation=False, transformation_method=yeo-johnson, handle_unknown_categorical=True, unknown_categorical_method=least_frequent, pca=False, pca_method=linear, pca_components=None, ignore_low_variance=False, combine_rare_levels=False, rare_level_threshold=0.1, bin_numeric_features=None, remove_outliers=False, outliers_threshold=0.05, remove_multicollinearity=False, multicollinearity_threshold=0.9, remove_perfect_collinearity=True, create_clusters=False, cluster_iter=20, polynomial_features=False, polynomial_degree=2, trigonometry_features=False, polynomial_threshold=0.1, group_features=None, group_names=None, feature_selection=False, feature_selection_threshold=0.8, feature_selection_method=classic, feature_interaction=False, feature_ratio=False, interaction_threshold=0.01, fix_imbalance=False, fix_imbalance_method=None, transform_target=False, transform_target_method=box-cox, data_split_shuffle=True, data_split_stratify=False, fold_strategy=kfold, fold=10, fold_shuffle=False, fold_groups=None, n_jobs=-1, use_gpu=False, custom_pipeline=None, html=True, session_id=2, log_experiment=False, experiment_name=None, log_plots=False, log_profile=False, log_data=False, silent=False, verbose=True, profile=False, profile_kwargs=None, display=None)
2022-08-06 19:45:17,584:INFO:Checking environment
2022-08-06 19:45:17,584:INFO:python_version: 3.8.13
2022-08-06 19:45:17,584:INFO:python_build: ('default', 'Mar 25 2022 06:15:30')
2022-08-06 19:45:17,584:INFO:machine: x86_64
2022-08-06 19:45:17,584:INFO:platform: Linux-5.15.0-43-generic-x86_64-with-glibc2.10
2022-08-06 19:45:17,584:INFO:Memory: svmem(total=24999211008, available=20142137344, percent=19.4, used=3590713344, free=10284179456, active=2227326976, inactive=10644185088, buffers=413519872, cached=10710798336, shared=857706496, slab=799272960)
2022-08-06 19:45:17,584:INFO:Physical Core: 4
2022-08-06 19:45:17,584:INFO:Logical Core: 8
2022-08-06 19:45:17,584:INFO:Checking libraries
2022-08-06 19:45:17,584:INFO:pd==1.4.3
2022-08-06 19:45:17,584:INFO:numpy==1.23.1
2022-08-06 19:45:17,584:INFO:sklearn==1.1.2
2022-08-06 19:45:17,584:INFO:xgboost==1.5.1
2022-08-06 19:45:17,584:INFO:lightgbm==3.3.2
2022-08-06 19:45:17,584:INFO:catboost==1.0.6
2022-08-06 19:45:17,584:INFO:mlflow==1.26.1
2022-08-06 19:45:17,585:INFO:Checking Exceptions
2022-08-06 19:45:17,585:INFO:Declaring global variables
2022-08-06 19:45:17,585:INFO:USI: b7d1
2022-08-06 19:45:17,585:INFO:pycaret_globals: {'pycaret_globals', 'target_param', 'html_param', '_available_plots', 'imputation_classifier', 'fold_shuffle_param', 'y_train', 'fold_param', 'fix_imbalance_method_param', 'transform_target_param', '_all_models', 'log_plots_param', 'prep_pipe', 'USI', 'fold_groups_param', '_all_models_internal', 'gpu_param', 'iterative_imputation_iters_param', 'display_container', 'X', 'imputation_regressor', '_internal_pipeline', 'transform_target_method_param', '_gpu_n_jobs_param', 'y_test', 'y', 'exp_name_log', '_ml_usecase', 'create_model_container', 'X_train', 'experiment__', 'seed', 'master_model_container', 'logging_param', '_all_metrics', 'fold_generator', 'n_jobs_param', 'X_test', 'fix_imbalance_param', 'data_before_preprocess', 'stratify_param'}
2022-08-06 19:45:17,585:INFO:Preparing display monitor
2022-08-06 19:45:17,585:INFO:Preparing display monitor
2022-08-06 19:45:17,590:INFO:Importing libraries
2022-08-06 19:45:17,590:INFO:Copying data for preprocessing
2022-08-06 19:45:17,591:INFO:Declaring preprocessing parameters
2022-08-06 19:45:17,592:INFO:Creating preprocessing pipeline
2022-08-06 19:45:17,596:INFO:Preprocessing pipeline created successfully
2022-08-06 19:45:17,596:ERROR:(Process Exit): setup has been interupted with user command 'quit'. setup must rerun.
2022-08-06 19:45:17,596:INFO:Creating global containers
2022-08-06 19:45:56,265:INFO:PyCaret Supervised Module
2022-08-06 19:45:56,265:INFO:ML Usecase: regression
2022-08-06 19:45:56,265:INFO:version 2.2.3
2022-08-06 19:45:56,265:INFO:Initializing setup()
2022-08-06 19:45:56,265:INFO:setup(target=Price, ml_usecase=regression, available_plots={'parameter': 'Hyperparameters', 'residuals': 'Residuals', 'error': 'Prediction Error', 'cooks': 'Cooks Distance', 'rfe': 'Feature Selection', 'learning': 'Learning Curve', 'manifold': 'Manifold Learning', 'vc': 'Validation Curve', 'feature': 'Feature Importance', 'feature_all': 'Feature Importance (All)', 'tree': 'Decision Tree'}, train_size=0.7, test_data=None, preprocess=True, imputation_type=simple, iterative_imputation_iters=5, categorical_features=None, categorical_imputation=constant, categorical_iterative_imputer=lightgbm, ordinal_features=None, high_cardinality_features=None, high_cardinality_method=frequency, numeric_features=None, numeric_imputation=mean, numeric_iterative_imputer=lightgbm, date_features=None, ignore_features=None, normalize=False, normalize_method=zscore, transformation=False, transformation_method=yeo-johnson, handle_unknown_categorical=True, unknown_categorical_method=least_frequent, pca=False, pca_method=linear, pca_components=None, ignore_low_variance=False, combine_rare_levels=False, rare_level_threshold=0.1, bin_numeric_features=None, remove_outliers=False, outliers_threshold=0.05, remove_multicollinearity=False, multicollinearity_threshold=0.9, remove_perfect_collinearity=True, create_clusters=False, cluster_iter=20, polynomial_features=False, polynomial_degree=2, trigonometry_features=False, polynomial_threshold=0.1, group_features=None, group_names=None, feature_selection=False, feature_selection_threshold=0.8, feature_selection_method=classic, feature_interaction=False, feature_ratio=False, interaction_threshold=0.01, fix_imbalance=False, fix_imbalance_method=None, transform_target=False, transform_target_method=box-cox, data_split_shuffle=True, data_split_stratify=False, fold_strategy=kfold, fold=10, fold_shuffle=True, fold_groups=None, n_jobs=-1, use_gpu=False, custom_pipeline=None, html=True, session_id=2, log_experiment=False, experiment_name=None, log_plots=False, log_profile=False, log_data=False, silent=False, verbose=True, profile=False, profile_kwargs=None, display=None)
2022-08-06 19:45:56,265:INFO:Checking environment
2022-08-06 19:45:56,265:INFO:python_version: 3.8.13
2022-08-06 19:45:56,265:INFO:python_build: ('default', 'Mar 25 2022 06:15:30')
2022-08-06 19:45:56,265:INFO:machine: x86_64
2022-08-06 19:45:56,266:INFO:platform: Linux-5.15.0-43-generic-x86_64-with-glibc2.10
2022-08-06 19:45:56,266:INFO:Memory: svmem(total=24999211008, available=20153057280, percent=19.4, used=3581947904, free=10294243328, active=2227310592, inactive=10636017664, buffers=413564928, cached=10709454848, shared=855552000, slab=799215616)
2022-08-06 19:45:56,266:INFO:Physical Core: 4
2022-08-06 19:45:56,266:INFO:Logical Core: 8
2022-08-06 19:45:56,267:INFO:Checking libraries
2022-08-06 19:45:56,267:INFO:pd==1.4.3
2022-08-06 19:45:56,267:INFO:numpy==1.23.1
2022-08-06 19:45:56,267:INFO:sklearn==1.1.2
2022-08-06 19:45:56,267:INFO:xgboost==1.5.1
2022-08-06 19:45:56,267:INFO:lightgbm==3.3.2
2022-08-06 19:45:56,267:INFO:catboost==1.0.6
2022-08-06 19:45:56,267:INFO:mlflow==1.26.1
2022-08-06 19:45:56,267:INFO:Checking Exceptions
2022-08-06 19:45:56,267:INFO:Declaring global variables
2022-08-06 19:45:56,267:INFO:USI: 8b7c
2022-08-06 19:45:56,267:INFO:pycaret_globals: {'pycaret_globals', 'target_param', 'html_param', '_available_plots', 'imputation_classifier', 'fold_shuffle_param', 'y_train', 'fold_param', 'fix_imbalance_method_param', 'transform_target_param', '_all_models', 'log_plots_param', 'prep_pipe', 'USI', 'fold_groups_param', '_all_models_internal', 'gpu_param', 'iterative_imputation_iters_param', 'display_container', 'X', 'imputation_regressor', '_internal_pipeline', 'transform_target_method_param', '_gpu_n_jobs_param', 'y_test', 'y', 'exp_name_log', '_ml_usecase', 'create_model_container', 'X_train', 'experiment__', 'seed', 'master_model_container', 'logging_param', '_all_metrics', 'fold_generator', 'n_jobs_param', 'X_test', 'fix_imbalance_param', 'data_before_preprocess', 'stratify_param'}
2022-08-06 19:45:56,267:INFO:Preparing display monitor
2022-08-06 19:45:56,267:INFO:Preparing display monitor
2022-08-06 19:45:56,273:INFO:Importing libraries
2022-08-06 19:45:56,273:INFO:Copying data for preprocessing
2022-08-06 19:45:56,275:INFO:Declaring preprocessing parameters
2022-08-06 19:45:56,276:INFO:Creating preprocessing pipeline
2022-08-06 19:45:56,280:INFO:Preprocessing pipeline created successfully
2022-08-06 19:45:56,280:ERROR:(Process Exit): setup has been interupted with user command 'quit'. setup must rerun.
2022-08-06 19:45:56,280:INFO:Creating global containers
2022-08-06 19:45:56,281:INFO:Internal pipeline: Pipeline(memory=None, steps=[('empty_step', 'passthrough')], verbose=False)
2022-08-06 19:48:48,456:INFO:PyCaret Supervised Module
2022-08-06 19:48:48,456:INFO:ML Usecase: regression
2022-08-06 19:48:48,456:INFO:version 2.2.3
2022-08-06 19:48:48,456:INFO:Initializing setup()
2022-08-06 19:48:48,456:INFO:setup(target=Price, ml_usecase=regression, available_plots={'parameter': 'Hyperparameters', 'residuals': 'Residuals', 'error': 'Prediction Error', 'cooks': 'Cooks Distance', 'rfe': 'Feature Selection', 'learning': 'Learning Curve', 'manifold': 'Manifold Learning', 'vc': 'Validation Curve', 'feature': 'Feature Importance', 'feature_all': 'Feature Importance (All)', 'tree': 'Decision Tree'}, train_size=0.7, test_data=None, preprocess=True, imputation_type=simple, iterative_imputation_iters=5, categorical_features=None, categorical_imputation=constant, categorical_iterative_imputer=lightgbm, ordinal_features=None, high_cardinality_features=None, high_cardinality_method=frequency, numeric_features=None, numeric_imputation=mean, numeric_iterative_imputer=lightgbm, date_features=None, ignore_features=None, normalize=False, normalize_method=zscore, transformation=False, transformation_method=yeo-johnson, handle_unknown_categorical=True, unknown_categorical_method=least_frequent, pca=False, pca_method=linear, pca_components=None, ignore_low_variance=False, combine_rare_levels=False, rare_level_threshold=0.1, bin_numeric_features=None, remove_outliers=False, outliers_threshold=0.05, remove_multicollinearity=False, multicollinearity_threshold=0.9, remove_perfect_collinearity=True, create_clusters=False, cluster_iter=20, polynomial_features=False, polynomial_degree=2, trigonometry_features=False, polynomial_threshold=0.1, group_features=None, group_names=None, feature_selection=False, feature_selection_threshold=0.8, feature_selection_method=classic, feature_interaction=False, feature_ratio=False, interaction_threshold=0.01, fix_imbalance=False, fix_imbalance_method=None, transform_target=False, transform_target_method=box-cox, data_split_shuffle=True, data_split_stratify=False, fold_strategy=kfold, fold=10, fold_shuffle=True, fold_groups=None, n_jobs=-1, use_gpu=False, custom_pipeline=None, html=True, session_id=2, log_experiment=False, experiment_name=None, log_plots=False, log_profile=False, log_data=False, silent=False, verbose=True, profile=False, profile_kwargs=None, display=None)
2022-08-06 19:48:48,456:INFO:Checking environment
2022-08-06 19:48:48,456:INFO:python_version: 3.8.13
2022-08-06 19:48:48,456:INFO:python_build: ('default', 'Mar 25 2022 06:15:30')
2022-08-06 19:48:48,456:INFO:machine: x86_64
2022-08-06 19:48:48,456:INFO:platform: Linux-5.15.0-43-generic-x86_64-with-glibc2.10
2022-08-06 19:48:48,457:INFO:Memory: svmem(total=24999211008, available=20049690624, percent=19.8, used=3666612224, free=10190454784, active=2227728384, inactive=10723459072, buffers=414048256, cached=10728095744, shared=874164224, slab=799404032)
2022-08-06 19:48:48,457:INFO:Physical Core: 4
2022-08-06 19:48:48,457:INFO:Logical Core: 8
2022-08-06 19:48:48,457:INFO:Checking libraries
2022-08-06 19:48:48,457:INFO:pd==1.4.3
2022-08-06 19:48:48,457:INFO:numpy==1.23.1
2022-08-06 19:48:48,457:INFO:sklearn==1.1.2
2022-08-06 19:48:48,457:INFO:xgboost==1.5.1
2022-08-06 19:48:48,457:INFO:lightgbm==3.3.2
2022-08-06 19:48:48,458:INFO:catboost==1.0.6
2022-08-06 19:48:48,458:INFO:mlflow==1.26.1
2022-08-06 19:48:48,458:INFO:Checking Exceptions
2022-08-06 19:48:48,458:INFO:Declaring global variables
2022-08-06 19:48:48,458:INFO:USI: 810e
2022-08-06 19:48:48,458:INFO:pycaret_globals: {'pycaret_globals', 'target_param', 'html_param', '_available_plots', 'imputation_classifier', 'fold_shuffle_param', 'y_train', 'fold_param', 'fix_imbalance_method_param', 'transform_target_param', '_all_models', 'log_plots_param', 'prep_pipe', 'USI', 'fold_groups_param', '_all_models_internal', 'gpu_param', 'iterative_imputation_iters_param', 'display_container', 'X', 'imputation_regressor', '_internal_pipeline', 'transform_target_method_param', '_gpu_n_jobs_param', 'y_test', 'y', 'exp_name_log', '_ml_usecase', 'create_model_container', 'X_train', 'experiment__', 'seed', 'master_model_container', 'logging_param', '_all_metrics', 'fold_generator', 'n_jobs_param', 'X_test', 'fix_imbalance_param', 'data_before_preprocess', 'stratify_param'}
2022-08-06 19:48:48,458:INFO:Preparing display monitor
2022-08-06 19:48:48,458:INFO:Preparing display monitor
2022-08-06 19:48:48,465:INFO:Importing libraries
2022-08-06 19:48:48,465:INFO:Copying data for preprocessing
2022-08-06 19:48:48,466:INFO:Declaring preprocessing parameters
2022-08-06 19:48:48,467:INFO:Creating preprocessing pipeline
2022-08-06 19:48:48,471:INFO:Preprocessing pipeline created successfully
2022-08-06 19:48:48,471:ERROR:(Process Exit): setup has been interupted with user command 'quit'. setup must rerun.
2022-08-06 19:48:48,471:INFO:Creating global containers
2022-08-06 19:48:48,471:INFO:Internal pipeline: Pipeline(memory=None, steps=[('empty_step', 'passthrough')], verbose=False)
2022-08-06 20:01:00,688:INFO:PyCaret Supervised Module
2022-08-06 20:01:00,688:INFO:ML Usecase: regression
2022-08-06 20:01:00,688:INFO:version 2.2.3
2022-08-06 20:01:00,688:INFO:Initializing setup()
2022-08-06 20:01:00,688:INFO:setup(target=Price, ml_usecase=regression, available_plots={'parameter': 'Hyperparameters', 'residuals': 'Residuals', 'error': 'Prediction Error', 'cooks': 'Cooks Distance', 'rfe': 'Feature Selection', 'learning': 'Learning Curve', 'manifold': 'Manifold Learning', 'vc': 'Validation Curve', 'feature': 'Feature Importance', 'feature_all': 'Feature Importance (All)', 'tree': 'Decision Tree'}, train_size=0.7, test_data=None, preprocess=True, imputation_type=simple, iterative_imputation_iters=5, categorical_features=None, categorical_imputation=constant, categorical_iterative_imputer=lightgbm, ordinal_features=None, high_cardinality_features=None, high_cardinality_method=frequency, numeric_features=None, numeric_imputation=mean, numeric_iterative_imputer=lightgbm, date_features=None, ignore_features=None, normalize=False, normalize_method=zscore, transformation=False, transformation_method=yeo-johnson, handle_unknown_categorical=True, unknown_categorical_method=least_frequent, pca=False, pca_method=linear, pca_components=None, ignore_low_variance=False, combine_rare_levels=False, rare_level_threshold=0.1, bin_numeric_features=None, remove_outliers=False, outliers_threshold=0.05, remove_multicollinearity=False, multicollinearity_threshold=0.9, remove_perfect_collinearity=True, create_clusters=False, cluster_iter=20, polynomial_features=False, polynomial_degree=2, trigonometry_features=False, polynomial_threshold=0.1, group_features=None, group_names=None, feature_selection=False, feature_selection_threshold=0.8, feature_selection_method=classic, feature_interaction=False, feature_ratio=False, interaction_threshold=0.01, fix_imbalance=False, fix_imbalance_method=None, transform_target=False, transform_target_method=box-cox, data_split_shuffle=True, data_split_stratify=False, fold_strategy=kfold, fold=10, fold_shuffle=True, fold_groups=None, n_jobs=-1, use_gpu=False, custom_pipeline=None, html=True, session_id=123, log_experiment=False, experiment_name=None, log_plots=False, log_profile=False, log_data=False, silent=False, verbose=True, profile=False, profile_kwargs=None, display=None)
2022-08-06 20:01:00,688:INFO:Checking environment
2022-08-06 20:01:00,688:INFO:python_version: 3.8.13
2022-08-06 20:01:00,688:INFO:python_build: ('default', 'Mar 25 2022 06:15:30')
2022-08-06 20:01:00,688:INFO:machine: x86_64
2022-08-06 20:01:00,688:INFO:platform: Linux-5.15.0-43-generic-x86_64-with-glibc2.10
2022-08-06 20:01:00,688:INFO:Memory: svmem(total=24999211008, available=19875917824, percent=20.5, used=3554119680, free=10014420992, active=2229805056, inactive=10653327360, buffers=415686656, cached=11014983680, shared=1160519680, slab=800845824)
2022-08-06 20:01:00,689:INFO:Physical Core: 4
2022-08-06 20:01:00,689:INFO:Logical Core: 8
2022-08-06 20:01:00,689:INFO:Checking libraries
2022-08-06 20:01:00,689:INFO:pd==1.4.3
2022-08-06 20:01:00,689:INFO:numpy==1.23.1
2022-08-06 20:01:00,689:INFO:sklearn==1.1.2
2022-08-06 20:01:00,689:INFO:xgboost==1.5.1
2022-08-06 20:01:00,689:INFO:lightgbm==3.3.2
2022-08-06 20:01:00,689:INFO:catboost==1.0.6
2022-08-06 20:01:00,689:INFO:mlflow==1.26.1
2022-08-06 20:01:00,689:INFO:Checking Exceptions
2022-08-06 20:01:00,689:INFO:Declaring global variables
2022-08-06 20:01:00,689:INFO:USI: 2db9
2022-08-06 20:01:00,689:INFO:pycaret_globals: {'pycaret_globals', 'target_param', 'html_param', '_available_plots', 'imputation_classifier', 'fold_shuffle_param', 'y_train', 'fold_param', 'fix_imbalance_method_param', 'transform_target_param', '_all_models', 'log_plots_param', 'prep_pipe', 'USI', 'fold_groups_param', '_all_models_internal', 'gpu_param', 'iterative_imputation_iters_param', 'display_container', 'X', 'imputation_regressor', '_internal_pipeline', 'transform_target_method_param', '_gpu_n_jobs_param', 'y_test', 'y', 'exp_name_log', '_ml_usecase', 'create_model_container', 'X_train', 'experiment__', 'seed', 'master_model_container', 'logging_param', '_all_metrics', 'fold_generator', 'n_jobs_param', 'X_test', 'fix_imbalance_param', 'data_before_preprocess', 'stratify_param'}
2022-08-06 20:01:00,689:INFO:Preparing display monitor
2022-08-06 20:01:00,689:INFO:Preparing display monitor
2022-08-06 20:01:00,695:INFO:Importing libraries
2022-08-06 20:01:00,695:INFO:Copying data for preprocessing
2022-08-06 20:01:00,696:INFO:Declaring preprocessing parameters
2022-08-06 20:01:00,697:INFO:Creating preprocessing pipeline
2022-08-06 20:01:00,701:INFO:Preprocessing pipeline created successfully
2022-08-06 20:01:00,701:ERROR:(Process Exit): setup has been interupted with user command 'quit'. setup must rerun.
2022-08-06 20:01:00,701:INFO:Creating global containers
2022-08-06 20:01:00,702:INFO:Internal pipeline: Pipeline(memory=None, steps=[('empty_step', 'passthrough')], verbose=False)
2022-08-06 20:03:30,874:INFO:PyCaret Supervised Module
2022-08-06 20:03:30,874:INFO:ML Usecase: regression
2022-08-06 20:03:30,874:INFO:version 2.2.3
2022-08-06 20:03:30,874:INFO:Initializing setup()
2022-08-06 20:03:30,874:INFO:setup(target=Price, ml_usecase=regression, available_plots={'parameter': 'Hyperparameters', 'residuals': 'Residuals', 'error': 'Prediction Error', 'cooks': 'Cooks Distance', 'rfe': 'Feature Selection', 'learning': 'Learning Curve', 'manifold': 'Manifold Learning', 'vc': 'Validation Curve', 'feature': 'Feature Importance', 'feature_all': 'Feature Importance (All)', 'tree': 'Decision Tree'}, train_size=0.7, test_data=None, preprocess=True, imputation_type=simple, iterative_imputation_iters=5, categorical_features=None, categorical_imputation=constant, categorical_iterative_imputer=lightgbm, ordinal_features=None, high_cardinality_features=None, high_cardinality_method=frequency, numeric_features=None, numeric_imputation=mean, numeric_iterative_imputer=lightgbm, date_features=None, ignore_features=None, normalize=False, normalize_method=zscore, transformation=False, transformation_method=yeo-johnson, handle_unknown_categorical=True, unknown_categorical_method=least_frequent, pca=False, pca_method=linear, pca_components=None, ignore_low_variance=False, combine_rare_levels=False, rare_level_threshold=0.1, bin_numeric_features=None, remove_outliers=False, outliers_threshold=0.05, remove_multicollinearity=False, multicollinearity_threshold=0.9, remove_perfect_collinearity=True, create_clusters=False, cluster_iter=20, polynomial_features=False, polynomial_degree=2, trigonometry_features=False, polynomial_threshold=0.1, group_features=None, group_names=None, feature_selection=False, feature_selection_threshold=0.8, feature_selection_method=classic, feature_interaction=False, feature_ratio=False, interaction_threshold=0.01, fix_imbalance=False, fix_imbalance_method=None, transform_target=False, transform_target_method=box-cox, data_split_shuffle=True, data_split_stratify=False, fold_strategy=kfold, fold=10, fold_shuffle=False, fold_groups=None, n_jobs=-1, use_gpu=False, custom_pipeline=None, html=True, session_id=123, log_experiment=False, experiment_name=None, log_plots=False, log_profile=False, log_data=False, silent=False, verbose=True, profile=False, profile_kwargs=None, display=None)
2022-08-06 20:03:30,874:INFO:Checking environment
2022-08-06 20:03:30,875:INFO:python_version: 3.8.13
2022-08-06 20:03:30,875:INFO:python_build: ('default', 'Mar 25 2022 06:15:30')
2022-08-06 20:03:30,875:INFO:machine: x86_64
2022-08-06 20:03:30,875:INFO:platform: Linux-5.15.0-43-generic-x86_64-with-glibc2.10
2022-08-06 20:03:30,875:INFO:Memory: svmem(total=24999211008, available=19869732864, percent=20.5, used=3583864832, free=10007121920, active=2230083584, inactive=10678136832, buffers=415911936, cached=10992312320, shared=1136922624, slab=800702464)
2022-08-06 20:03:30,875:INFO:Physical Core: 4
2022-08-06 20:03:30,875:INFO:Logical Core: 8
2022-08-06 20:03:30,875:INFO:Checking libraries
2022-08-06 20:03:30,875:INFO:pd==1.4.3
2022-08-06 20:03:30,875:INFO:numpy==1.23.1
2022-08-06 20:03:30,875:INFO:sklearn==1.1.2
2022-08-06 20:03:30,875:INFO:xgboost==1.5.1
2022-08-06 20:03:30,875:INFO:lightgbm==3.3.2
2022-08-06 20:03:30,875:INFO:catboost==1.0.6
2022-08-06 20:03:30,875:INFO:mlflow==1.26.1
2022-08-06 20:03:30,875:INFO:Checking Exceptions
2022-08-06 20:03:30,875:INFO:Declaring global variables
2022-08-06 20:03:30,875:INFO:USI: f09b
2022-08-06 20:03:30,875:INFO:pycaret_globals: {'pycaret_globals', 'target_param', 'html_param', '_available_plots', 'imputation_classifier', 'fold_shuffle_param', 'y_train', 'fold_param', 'fix_imbalance_method_param', 'transform_target_param', '_all_models', 'log_plots_param', 'prep_pipe', 'USI', 'fold_groups_param', '_all_models_internal', 'gpu_param', 'iterative_imputation_iters_param', 'display_container', 'X', 'imputation_regressor', '_internal_pipeline', 'transform_target_method_param', '_gpu_n_jobs_param', 'y_test', 'y', 'exp_name_log', '_ml_usecase', 'create_model_container', 'X_train', 'experiment__', 'seed', 'master_model_container', 'logging_param', '_all_metrics', 'fold_generator', 'n_jobs_param', 'X_test', 'fix_imbalance_param', 'data_before_preprocess', 'stratify_param'}
2022-08-06 20:03:30,875:INFO:Preparing display monitor
2022-08-06 20:03:30,875:INFO:Preparing display monitor
2022-08-06 20:03:30,880:INFO:Importing libraries
2022-08-06 20:03:30,880:INFO:Copying data for preprocessing
2022-08-06 20:03:30,881:INFO:Declaring preprocessing parameters
2022-08-06 20:03:30,882:INFO:Creating preprocessing pipeline
2022-08-06 20:03:30,886:INFO:Preprocessing pipeline created successfully
2022-08-06 20:03:30,887:ERROR:(Process Exit): setup has been interupted with user command 'quit'. setup must rerun.
2022-08-06 20:03:30,887:INFO:Creating global containers
2022-08-06 20:03:58,129:INFO:PyCaret Supervised Module
2022-08-06 20:03:58,129:INFO:ML Usecase: regression
2022-08-06 20:03:58,129:INFO:version 2.2.3
2022-08-06 20:03:58,129:INFO:Initializing setup()
2022-08-06 20:03:58,129:INFO:setup(target=Price, ml_usecase=regression, available_plots={'parameter': 'Hyperparameters', 'residuals': 'Residuals', 'error': 'Prediction Error', 'cooks': 'Cooks Distance', 'rfe': 'Feature Selection', 'learning': 'Learning Curve', 'manifold': 'Manifold Learning', 'vc': 'Validation Curve', 'feature': 'Feature Importance', 'feature_all': 'Feature Importance (All)', 'tree': 'Decision Tree'}, train_size=0.7, test_data=None, preprocess=True, imputation_type=simple, iterative_imputation_iters=5, categorical_features=None, categorical_imputation=constant, categorical_iterative_imputer=lightgbm, ordinal_features=None, high_cardinality_features=None, high_cardinality_method=frequency, numeric_features=None, numeric_imputation=mean, numeric_iterative_imputer=lightgbm, date_features=None, ignore_features=None, normalize=False, normalize_method=zscore, transformation=False, transformation_method=yeo-johnson, handle_unknown_categorical=True, unknown_categorical_method=least_frequent, pca=False, pca_method=linear, pca_components=None, ignore_low_variance=False, combine_rare_levels=False, rare_level_threshold=0.1, bin_numeric_features=None, remove_outliers=False, outliers_threshold=0.05, remove_multicollinearity=False, multicollinearity_threshold=0.9, remove_perfect_collinearity=True, create_clusters=False, cluster_iter=20, polynomial_features=False, polynomial_degree=2, trigonometry_features=False, polynomial_threshold=0.1, group_features=None, group_names=None, feature_selection=False, feature_selection_threshold=0.8, feature_selection_method=classic, feature_interaction=False, feature_ratio=False, interaction_threshold=0.01, fix_imbalance=False, fix_imbalance_method=None, transform_target=False, transform_target_method=box-cox, data_split_shuffle=True, data_split_stratify=False, fold_strategy=kfold, fold=10, fold_shuffle=False, fold_groups=None, n_jobs=-1, use_gpu=False, custom_pipeline=None, html=True, session_id=123, log_experiment=False, experiment_name=None, log_plots=False, log_profile=False, log_data=False, silent=False, verbose=True, profile=False, profile_kwargs=None, display=None)
2022-08-06 20:03:58,129:INFO:Checking environment
2022-08-06 20:03:58,129:INFO:python_version: 3.8.13
2022-08-06 20:03:58,129:INFO:python_build: ('default', 'Mar 25 2022 06:15:30')
2022-08-06 20:03:58,129:INFO:machine: x86_64
2022-08-06 20:03:58,129:INFO:platform: Linux-5.15.0-43-generic-x86_64-with-glibc2.10
2022-08-06 20:03:58,129:INFO:Memory: svmem(total=24999211008, available=19865096192, percent=20.5, used=3592855552, free=10002821120, active=2230140928, inactive=10681393152, buffers=415961088, cached=10987573248, shared=1132605440, slab=800702464)
2022-08-06 20:03:58,130:INFO:Physical Core: 4
2022-08-06 20:03:58,130:INFO:Logical Core: 8
2022-08-06 20:03:58,130:INFO:Checking libraries
2022-08-06 20:03:58,130:INFO:pd==1.4.3
2022-08-06 20:03:58,130:INFO:numpy==1.23.1
2022-08-06 20:03:58,130:INFO:sklearn==1.1.2
2022-08-06 20:03:58,130:INFO:xgboost==1.5.1
2022-08-06 20:03:58,130:INFO:lightgbm==3.3.2
2022-08-06 20:03:58,130:INFO:catboost==1.0.6
2022-08-06 20:03:58,130:INFO:mlflow==1.26.1
2022-08-06 20:03:58,130:INFO:Checking Exceptions
2022-08-06 20:03:58,130:INFO:Declaring global variables
2022-08-06 20:03:58,130:INFO:USI: 6da7
2022-08-06 20:03:58,130:INFO:pycaret_globals: {'pycaret_globals', 'target_param', 'html_param', '_available_plots', 'imputation_classifier', 'fold_shuffle_param', 'y_train', 'fold_param', 'fix_imbalance_method_param', 'transform_target_param', '_all_models', 'log_plots_param', 'prep_pipe', 'USI', 'fold_groups_param', '_all_models_internal', 'gpu_param', 'iterative_imputation_iters_param', 'display_container', 'X', 'imputation_regressor', '_internal_pipeline', 'transform_target_method_param', '_gpu_n_jobs_param', 'y_test', 'y', 'exp_name_log', '_ml_usecase', 'create_model_container', 'X_train', 'experiment__', 'seed', 'master_model_container', 'logging_param', '_all_metrics', 'fold_generator', 'n_jobs_param', 'X_test', 'fix_imbalance_param', 'data_before_preprocess', 'stratify_param'}
2022-08-06 20:03:58,130:INFO:Preparing display monitor
2022-08-06 20:03:58,130:INFO:Preparing display monitor
2022-08-06 20:03:58,136:INFO:Importing libraries
2022-08-06 20:03:58,136:INFO:Copying data for preprocessing
2022-08-06 20:03:58,138:INFO:Declaring preprocessing parameters
2022-08-06 20:03:58,139:INFO:Creating preprocessing pipeline
2022-08-06 20:03:58,144:INFO:Preprocessing pipeline created successfully
2022-08-06 20:03:58,144:ERROR:(Process Exit): setup has been interupted with user command 'quit'. setup must rerun.
2022-08-06 20:03:58,144:INFO:Creating global containers
2022-08-06 20:04:54,341:INFO:PyCaret Supervised Module
2022-08-06 20:04:54,341:INFO:ML Usecase: regression
2022-08-06 20:04:54,341:INFO:version 2.2.3
2022-08-06 20:04:54,341:INFO:Initializing setup()
2022-08-06 20:04:54,341:INFO:setup(target=Price, ml_usecase=regression, available_plots={'parameter': 'Hyperparameters', 'residuals': 'Residuals', 'error': 'Prediction Error', 'cooks': 'Cooks Distance', 'rfe': 'Feature Selection', 'learning': 'Learning Curve', 'manifold': 'Manifold Learning', 'vc': 'Validation Curve', 'feature': 'Feature Importance', 'feature_all': 'Feature Importance (All)', 'tree': 'Decision Tree'}, train_size=0.7, test_data=None, preprocess=True, imputation_type=simple, iterative_imputation_iters=5, categorical_features=None, categorical_imputation=constant, categorical_iterative_imputer=lightgbm, ordinal_features=None, high_cardinality_features=None, high_cardinality_method=frequency, numeric_features=None, numeric_imputation=mean, numeric_iterative_imputer=lightgbm, date_features=None, ignore_features=None, normalize=False, normalize_method=zscore, transformation=False, transformation_method=yeo-johnson, handle_unknown_categorical=True, unknown_categorical_method=least_frequent, pca=False, pca_method=linear, pca_components=None, ignore_low_variance=False, combine_rare_levels=False, rare_level_threshold=0.1, bin_numeric_features=None, remove_outliers=False, outliers_threshold=0.05, remove_multicollinearity=False, multicollinearity_threshold=0.9, remove_perfect_collinearity=True, create_clusters=False, cluster_iter=20, polynomial_features=False, polynomial_degree=2, trigonometry_features=False, polynomial_threshold=0.1, group_features=None, group_names=None, feature_selection=False, feature_selection_threshold=0.8, feature_selection_method=classic, feature_interaction=False, feature_ratio=False, interaction_threshold=0.01, fix_imbalance=False, fix_imbalance_method=None, transform_target=False, transform_target_method=box-cox, data_split_shuffle=True, data_split_stratify=False, fold_strategy=kfold, fold=10, fold_shuffle=True, fold_groups=None, n_jobs=-1, use_gpu=False, custom_pipeline=None, html=True, session_id=123, log_experiment=False, experiment_name=None, log_plots=False, log_profile=False, log_data=False, silent=False, verbose=True, profile=False, profile_kwargs=None, display=None)
2022-08-06 20:04:54,341:INFO:Checking environment
2022-08-06 20:04:54,341:INFO:python_version: 3.8.13
2022-08-06 20:04:54,341:INFO:python_build: ('default', 'Mar 25 2022 06:15:30')
2022-08-06 20:04:54,341:INFO:machine: x86_64
2022-08-06 20:04:54,341:INFO:platform: Linux-5.15.0-43-generic-x86_64-with-glibc2.10
2022-08-06 20:04:54,341:INFO:Memory: svmem(total=24999211008, available=19861925888, percent=20.5, used=3597615104, free=10000003072, active=2230226944, inactive=10697637888, buffers=416034816, cached=10985558016, shared=1131016192, slab=800710656)
2022-08-06 20:04:54,342:INFO:Physical Core: 4
2022-08-06 20:04:54,342:INFO:Logical Core: 8
2022-08-06 20:04:54,342:INFO:Checking libraries
2022-08-06 20:04:54,342:INFO:pd==1.4.3
2022-08-06 20:04:54,343:INFO:numpy==1.23.1
2022-08-06 20:04:54,343:INFO:sklearn==1.1.2
2022-08-06 20:04:54,343:INFO:xgboost==1.5.1
2022-08-06 20:04:54,343:INFO:lightgbm==3.3.2
2022-08-06 20:04:54,343:INFO:catboost==1.0.6
2022-08-06 20:04:54,343:INFO:mlflow==1.26.1
2022-08-06 20:04:54,343:INFO:Checking Exceptions
2022-08-06 20:04:54,343:INFO:Declaring global variables
2022-08-06 20:04:54,343:INFO:USI: 5b74
2022-08-06 20:04:54,343:INFO:pycaret_globals: {'pycaret_globals', 'target_param', 'html_param', '_available_plots', 'imputation_classifier', 'fold_shuffle_param', 'y_train', 'fold_param', 'fix_imbalance_method_param', 'transform_target_param', '_all_models', 'log_plots_param', 'prep_pipe', 'USI', 'fold_groups_param', '_all_models_internal', 'gpu_param', 'iterative_imputation_iters_param', 'display_container', 'X', 'imputation_regressor', '_internal_pipeline', 'transform_target_method_param', '_gpu_n_jobs_param', 'y_test', 'y', 'exp_name_log', '_ml_usecase', 'create_model_container', 'X_train', 'experiment__', 'seed', 'master_model_container', 'logging_param', '_all_metrics', 'fold_generator', 'n_jobs_param', 'X_test', 'fix_imbalance_param', 'data_before_preprocess', 'stratify_param'}
2022-08-06 20:04:54,343:INFO:Preparing display monitor
2022-08-06 20:04:54,343:INFO:Preparing display monitor
2022-08-06 20:04:54,350:INFO:Importing libraries
2022-08-06 20:04:54,350:INFO:Copying data for preprocessing
2022-08-06 20:04:54,353:INFO:Declaring preprocessing parameters
2022-08-06 20:04:54,354:INFO:Creating preprocessing pipeline
2022-08-06 20:04:54,355:INFO:Preprocessing pipeline created successfully
2022-08-06 20:04:54,355:ERROR:(Process Exit): setup has been interupted with user command 'quit'. setup must rerun.
2022-08-06 20:04:54,355:INFO:Creating global containers
2022-08-06 20:04:54,356:INFO:Internal pipeline: Pipeline(memory=None, steps=[('empty_step', 'passthrough')], verbose=False)
2022-08-06 20:07:09,177:INFO:PyCaret Supervised Module
2022-08-06 20:07:09,177:INFO:ML Usecase: regression
2022-08-06 20:07:09,178:INFO:version 2.2.3
2022-08-06 20:07:09,178:INFO:Initializing setup()
2022-08-06 20:07:09,178:INFO:setup(target=Price, ml_usecase=regression, available_plots={'parameter': 'Hyperparameters', 'residuals': 'Residuals', 'error': 'Prediction Error', 'cooks': 'Cooks Distance', 'rfe': 'Feature Selection', 'learning': 'Learning Curve', 'manifold': 'Manifold Learning', 'vc': 'Validation Curve', 'feature': 'Feature Importance', 'feature_all': 'Feature Importance (All)', 'tree': 'Decision Tree'}, train_size=0.7, test_data=None, preprocess=True, imputation_type=simple, iterative_imputation_iters=5, categorical_features=None, categorical_imputation=constant, categorical_iterative_imputer=lightgbm, ordinal_features=None, high_cardinality_features=None, high_cardinality_method=frequency, numeric_features=None, numeric_imputation=mean, numeric_iterative_imputer=lightgbm, date_features=None, ignore_features=None, normalize=False, normalize_method=zscore, transformation=False, transformation_method=yeo-johnson, handle_unknown_categorical=True, unknown_categorical_method=least_frequent, pca=False, pca_method=linear, pca_components=None, ignore_low_variance=False, combine_rare_levels=False, rare_level_threshold=0.1, bin_numeric_features=None, remove_outliers=False, outliers_threshold=0.05, remove_multicollinearity=False, multicollinearity_threshold=0.9, remove_perfect_collinearity=True, create_clusters=False, cluster_iter=20, polynomial_features=False, polynomial_degree=2, trigonometry_features=False, polynomial_threshold=0.1, group_features=None, group_names=None, feature_selection=False, feature_selection_threshold=0.8, feature_selection_method=classic, feature_interaction=False, feature_ratio=False, interaction_threshold=0.01, fix_imbalance=False, fix_imbalance_method=None, transform_target=False, transform_target_method=box-cox, data_split_shuffle=True, data_split_stratify=False, fold_strategy=kfold, fold=10, fold_shuffle=True, fold_groups=None, n_jobs=-1, use_gpu=False, custom_pipeline=None, html=True, session_id=None, log_experiment=False, experiment_name=None, log_plots=False, log_profile=False, log_data=False, silent=False, verbose=True, profile=False, profile_kwargs=None, display=None)
2022-08-06 20:07:09,178:INFO:Checking environment
2022-08-06 20:07:09,178:INFO:python_version: 3.8.13
2022-08-06 20:07:09,178:INFO:python_build: ('default', 'Mar 25 2022 06:15:30')
2022-08-06 20:07:09,178:INFO:machine: x86_64
2022-08-06 20:07:09,178:INFO:platform: Linux-5.15.0-43-generic-x86_64-with-glibc2.10
2022-08-06 20:07:09,178:INFO:Memory: svmem(total=24999211008, available=19851472896, percent=20.6, used=3605721088, free=9988300800, active=2230542336, inactive=10699472896, buffers=416354304, cached=10988834816, shared=1133363200, slab=800645120)
2022-08-06 20:07:09,179:INFO:Physical Core: 4
2022-08-06 20:07:09,179:INFO:Logical Core: 8
2022-08-06 20:07:09,179:INFO:Checking libraries
2022-08-06 20:07:09,179:INFO:pd==1.4.3
2022-08-06 20:07:09,179:INFO:numpy==1.23.1
2022-08-06 20:07:09,179:INFO:sklearn==1.1.2
2022-08-06 20:07:09,179:INFO:xgboost==1.5.1
2022-08-06 20:07:09,179:INFO:lightgbm==3.3.2
2022-08-06 20:07:09,179:INFO:catboost==1.0.6
2022-08-06 20:07:09,179:INFO:mlflow==1.26.1
2022-08-06 20:07:09,179:INFO:Checking Exceptions
2022-08-06 20:07:09,180:INFO:Declaring global variables
2022-08-06 20:07:09,180:INFO:USI: e651
2022-08-06 20:07:09,180:INFO:pycaret_globals: {'pycaret_globals', 'target_param', 'html_param', '_available_plots', 'imputation_classifier', 'fold_shuffle_param', 'y_train', 'fold_param', 'fix_imbalance_method_param', 'transform_target_param', '_all_models', 'log_plots_param', 'prep_pipe', 'USI', 'fold_groups_param', '_all_models_internal', 'gpu_param', 'iterative_imputation_iters_param', 'display_container', 'X', 'imputation_regressor', '_internal_pipeline', 'transform_target_method_param', '_gpu_n_jobs_param', 'y_test', 'y', 'exp_name_log', '_ml_usecase', 'create_model_container', 'X_train', 'experiment__', 'seed', 'master_model_container', 'logging_param', '_all_metrics', 'fold_generator', 'n_jobs_param', 'X_test', 'fix_imbalance_param', 'data_before_preprocess', 'stratify_param'}
2022-08-06 20:07:09,180:INFO:Preparing display monitor
2022-08-06 20:07:09,180:INFO:Preparing display monitor
2022-08-06 20:07:09,189:INFO:Importing libraries
2022-08-06 20:07:09,190:INFO:Copying data for preprocessing
2022-08-06 20:07:09,192:INFO:Declaring preprocessing parameters
2022-08-06 20:07:09,192:INFO:Creating preprocessing pipeline
2022-08-06 20:07:09,194:INFO:Preprocessing pipeline created successfully
2022-08-06 20:07:09,194:ERROR:(Process Exit): setup has been interupted with user command 'quit'. setup must rerun.
2022-08-06 20:07:09,194:INFO:Creating global containers
2022-08-06 20:07:09,194:INFO:Internal pipeline: Pipeline(memory=None, steps=[('empty_step', 'passthrough')], verbose=False)
